[1] 2
[1] 3
[1] 2
[1] 4
[1] 3
[1] 2
[1] 2
[1] 2
[1] 5
[1] 2
[1] 2
[1] 4
[1] 2
[1] 2
[1] 3
[1] 3
[1] 6
[1] 3
[1] 3
[1] 3
[1] 5
[1] 3
[1] 3
[1] 4
[1] 4
[1] 4
[1] 7
[1] 4
[1] 4
[1] 6
[1] 4
[1] 4
[1] 5
[1] 5
[1] 5
[1] 8
[1] 5
[1] 5
[1] 7
[1] 5
[1] 5
[1] 6
[1] 6
[1] 6
[1] 9
[1] 6
[1] 6
[1] 8
[1] 6
[1] 6
[1] 7
[1] 7
[1] 7
[1] 10
[1] 7
[1] 7
[1] 9
[1] 7
[1] 7
[1] 8
[1] 8
[1] 8
[1] 11
[1] 8
[1] 8
[1] 10
[1] 8
[1] 8
[1] 9
[1] 9
[1] 9
[1] 12
[1] 9
[1] 9
[1] 11
[1] 9
[1] 9
[1] 10
[1] 10
[1] 10
[1] 13
[1] 10
[1] 10
[1] 12
[1] 10
[1] 11
[1] 10
[1] 11
[1] 11
[1] 11
[1] 14
[1] 11
[1] 13
[1] 11
[1] 12
[1] 11
[1] 12
[1] 12
[1] 15
[1] 12
[1] 12
[1] 14
[1] 12
[1] 13
[1] 12
[1] 13
[1] 13
[1] 13
[1] 16
[1] 15
[1] 13
[1] 13
[1] 14
[1] 13
[1] 14
[1] 14
[1] 14
[1] 16
[1] 14
[1] 17
[1] 14
[1] 14
[1] 15
[1] 15
[1] 15
[1] 15
[1] 15
[1] 17
[1] 18
[1] 15
[1] 16
[1] 15
[1] 16
[1] 16
[1] 16
[1] 18
[1] 16
[1] 19
[1] 16
[1] 17
[1] 16
[1] 17
[1] 17
[1] 19
[1] 17
[1] 17
[1] 20
[1] 17
[1] 18
[1] 17
[1] 18
[1] 20
[1] 18
[1] 18
[1] 21
[1] 18
[1] 18
[1] 19
[1] 18
[1] 19
[1] 21
[1] 19
[1] 19
[1] 19
[1] 22
[1] 19
[1] 20
[1] 19
[1] 20
[1] 22
[1] 20
[1] 20
[1] 20
[1] 20
[1] 23
[1] 21
[1] 20
[1] 21
[1] 23
[1] 21
[1] 21
[1] 24
[1] 21
[1] 21
[1] 22
[1] 21
[1] 22
[1] 22
[1] 24
[1] 22
[1] 25
[1] 22
[1] 23
[1] 22
[1] 23
[1] 22
[1] 23
[1] 25
[1] 23
[1] 26
[1] 23
[1] 24
[1] 23
[1] 24
[1] 23
[1] 24
[1] 26
[1] 24
[1] 27
[1] 24
[1] 25
[1] 24
[1] 25
[1] 24
[1] 25
[1] 27
[1] 25
[1] 28
[1] 26
[1] 25
[1] 25
[1] 26
[1] 25
[1] 28
[1] 26
[1] 26
[1] 29
[1] 26
[1] 27
[1] 26
[1] 27
[1] 26
[1] 29
[1] 27
[1] 27
[1] 27
[1] 30
[1] 28
[1] 27
[1] 28
[1] 27
[1] 30
[1] 28
[1] 28
[1] 28
[1] 29
[1] 29
[1] 31
[1] 28
[1] 31
[1] 29
[1] 29
[1] 28
[1] 29
[1] 30
[1] 29
[1] 30
[1] 32
[1] 30
[1] 30
[1] 30
[1] 29
[1] 32
[1] 31
[1] 30
[1] 33
[1] 31
[1] 31
[1] 31
[1] 30
[1] 31
[1] 33
[1] 32
[1] 31
[1] 32
[1] 34
[1] 32
[1] 32
[1] 31
[1] 32
[1] 34
[1] 33
[1] 32
[1] 33
[1] 35
[1] 33
[1] 33
[1] 32
[1] 33
[1] 35
[1] 34
[1] 33
[1] 34
[1] 36
[1] 34
[1] 34
[1] 33
[1] 34
[1] 35
[1] 36
[1] 34
[1] 35
[1] 37
[1] 35
[1] 35
[1] 34
[1] 35
[1] 36
[1] 37
[1] 35
[1] 36
[1] 38
[1] 36
[1] 36
[1] 35
[1] 36
[1] 37
[1] 38
[1] 36
[1] 37
[1] 39
[1] 37
[1] 37
[1] 36
[1] 37
[1] 39
[1] 38
[1] 37
[1] 38
[1] 40
[1] 38
[1] 38
[1] 37
[1] 38
[1] 40
[1] 39
[1] 38
[1] 39
[1] 41
[1] 39
[1] 39
[1] 39
[1] 38
[1] 41
[1] 40
[1] 39
[1] 40
[1] 40
[1] 42
[1] 40
[1] 39
[1] 40
[1] 42
[1] 41
[1] 40
[1] 41
[1] 41
[1] 41
[1] 43
[1] 40
[1] 41
[1] 43
[1] 42
[1] 41
[1] 42
[1] 42
[1] 44
[1] 42
[1] 42
[1] 44
[1] 41
[1] 42
[1] 43
[1] 45
[1] 43
[1][1] 43
 43
[1] 43
[1] 45
[1] 42
[1] 43
[1] 44
[1] 44
[1][1] 44 46

[1] 44
[1] 44
[1] 46
[1] 43
[1] 44
[1] 45
[1] 45
[1] 45
[1] 47
[1] 45
[1] 45
[1] 44
[1] 47
[1] 45
[1] 46
[1] 46
[1] 48
[1] 46
[1] 46
[1] 46
[1] 45
[1] 48
[1] 46
[1] 47
[1] 47
[1] 49
[1] 47
[1] 47
[1] 47
[1] 46
[1] 49
[1] 47
[1] 48
[1] 48
[1] 50
[1] 48
[1] 48
[1] 48
[1] 47
[1] 50
[1] 48
[1] 49
[1] 49
[1] 49
[1] 49
[1] 51
[1] 49
[1] 51
[1] 48
[1] 49
[1] 50
[1] 50
[1] 50
[1] 50
[1] 52
[1] 50
[1] 52
[1] 49
[1] 50
[1] 51
[1] 51
[1] 51
[1] 51
[1] 53
[1] 51
[1] 53
[1] 50
[1] 52
[1] 51
[1] 52
[1] 54
[1] 52
[1] 52
[1] 52
[1] 54
[1] 51
[1] 53
[1] 53
[1] 52
[1] 55
[1] 53
[1] 53
[1] 53
[1] 55
[1] 52
[1] 54
[1] 54
[1] 53
[1] 56
[1] 54
[1] 54
[1] 54
[1] 56
[1] 53
[1] 55
[1] 55
[1] 54
[1] 57
[1] 55
[1] 55
[1] 55
[1] 57
[1] 54
[1] 56
[1] 56
[1] 55
[1] 56
[1] 58
[1] 56
[1] 56
[1] 58
[1] 55
[1] 57
[1] 56
[1] 57
[1] 57
[1] 59
[1] 57
[1] 57
[1] 56
[1] 59
[1] 58
[1] 58
[1] 57
[1] 58
[1] 60
[1] 58
[1] 58
[1] 57
[1] 59
[1] 60
[1] 59
[1] 58
[1] 59
[1] 61
[1] 59
[1] 59
[1] 58
[1] 61
[1] 60
[1] 60
[1] 59
[1] 60
[1] 62
[1] 2
[1] 3
[1] 4
[1] 5
[1] 6
[1] 7
[1] 8
[1] 9
[1] 10
[1] 11
[1] 12
[1] 13
[1] 14
[1] 15
[1] 16
[1] 17
[1] 18
[1] 19
[1] 20
[1] 21
[1] 22
[1] 23
[1] 24
[1] 25
[1] 2
[1] 26
[1] 27
[1] 3
[1] 28
[1] 4
[1] 5
[1] 29
[1] 6
[1] 7
[1] 8
[1] 9
[1] 10
[1] 11
[1] 12
[1] 13
[1] 14
[1] 15
[1] 16
[1] 30
[1] 17
[1] 31
[1] 18
[1] 32
[1] 19
[1] 33
[1] 34
[1] 35
[1] 20
[1] 36
[1] 21
[1] 37
[1] 38
[1] 22
[1] 39
[1] 40
[1] 2
[1] 41
[1] 42
[1] 3
[1] 43
[1] 4
[1] 44
[1] 5
[1] 45
[1] 6
[1] 46
[1] 7
[1] 47
[1] 48
[1] 49
[1] 50
[1] 51
[1] 52
[1] 53
[1] 54
[1] 55
[1] 56
[1] 57
[1] 58
[1] 59
[1] 60
[1] 61
[1] 62
[1] 63
[1] 64
[1] 65
[1] 66
[1] 67
[1] 68
[1] 69
[1] 70
[1] 71
[1] 72
[1] 73
[1] 23
[1] 74
[1] 24
[1] 75
[1] 25
[1] 76
[1] 26
[1] 77
[1] 27
[1] 78
[1] 28
[1] 79
[1] 29
[1] 80
[1] 81
[1] 82
[1] 83
[1] 8
[1] 30
[1] 84
[1] 9
[1] 31
[1] 2
[1] 85
[1] 10
[1] 32
[1] 86
[1] 11
[1] 3
[1] 33
[1] 87
[1] 4
[1] 34
[1] 12
[1] 88
[1] 5
[1] 13
[1] 35
[1] 6
[1] 89
[1] 14
[1] 90
[1] 7
[1] 15
[1] 36
[1] 91
[1] 8
[1] 16
[1] 92
[1] 9
[1] 37
[1] 17
[1] 93
[1] 10
[1] 38
[1] 18
[1] 94
[1] 11
[1] 39
[1] 95
[1] 12
[1] 40
[1] 96
[1] 13
[1] 41
[1] 97
[1] 14
[1] 42
[1] 98
[1] 15
[1] 99
[1] 16
[1] 100
[1] 17
[1] 101
[1] 102
[1] 103
[1] 104
[1] 105
[1] 106
[1] 107
[1] 108
[1] 18
[1] 19
[1] 109
[1] 20
[1] 110
[1] 21
[1] 111
[1] 22
[1] 112
[1] 23
[1] 113
[1] 24
[1] 114
[1] 25
[1] 115
[1] 26
[1] 116
[1] 27
[1] 117
[1] 2
[1] 28
[1] 118
[1] 29
[1] 119
[1] 43
[1] 30
[1] 44
[1] 120
[1] 31
[1] 3
[1] 121
[1] 45
[1] 32
[1] 4
[1] 122
[1] 46
[1] 33
[1] 19
[1] 5
[1] 123
[1] 47
[1] 34
[1] 20
[1] 6
[1] 35
[1][1] 48
 124
[1] 21
[1] 7
[1] 36
[1] 125
[1] 49
[1] 22
[1] 8
[1] 126
[1] 37
[1] 23
[1] 50
[1] 9
[1] 127
[1] 38
[1] 24
[1] 10
[1] 51
[1] 128
[1] 39
[1] 25
[1] 52
[1] 11
[1] 40
[1] 129
[1] 26
[1] 53
[1] 12
[1] 41
[1] 130
[1] 27
[1] 54
[1] 13
[1] 42
[1] 131
[1] 28
[1] 14
[1] 43
[1] 132
[1] 15
[1] 133
[1] 44
[1] 16
[1] 45
[1] 134
[1] 46
[1] 47
[1] 55
[1] 29
[1] 30
[1] 31
[1] 32
[1] 48
[1] 56
[1] 33
[1] 49
[1] 57
[1] 34
[1] 50
[1] 58
[1] 35
[1] 51
[1] 59
[1] 36
[1] 52
[1] 60
[1] 37
[1] 53
[1] 61
[1] 38
[1] 54
[1] 62
[1] 39
[1] 55
[1] 63
[1] 135
[1] 40
[1] 2
[1] 56
[1] 17
[1] 136
[1] 64
[1] 41
[1] 57
[1] 3
[1] 2
[1] 137
[1] 18
[1] 65
[1] 4
[1] 58
[1][1] 3
 42
[1] 2
[1] 138
[1] 19
[1] 59
[1] 5
[1] 4
[1] 43
[1] 66
[1] 139
[1] 2
[1] 3
[1] 20
[1] 6
[1][1] 5 60

[1] 44
[1] 67
[1] 140
[1] 2
[1] 4
[1] 21
[1] 3
[1] 61
[1] 7
[1] 45
[1] 141
[1] 68
[1] 6
[1] 5
[1] 22
[1] 4
[1] 3
[1] 8
[1] 62
[1] 142
[1] 46
[1] 69
[1][1] 6[1] 23

 7
[1] 5
[1] 4
[1] 9
[1] 143
[1] 63
[1] 47
[1] 70
[1] 8
[1] 24
[1] 7
[1] 5
[1] 6
[1] 10
[1] 48
[1] 144
[1] 64
[1] 9
[1] 8
[1] 25
[1] 71
[1] 11
[1][1] 6
 7
[1] 49
[1] 145
[1] 65
[1] 9
[1][1] 10 26

[1] 72
[1] 7
[1] 8
[1] 12
[1] 50
[1] 66
[1] 146
[1] 27
[1] 10
[1] 73
[1][1] 11 8

[1] 13
[1] 9
[1] 147
[1] 67
[1] 11
[1] 28
[1] 51
[1] 12
[1] 74
[1] 9
[1] 10
[1] 14
[1] 68
[1][1] 29 12

[1] 52
[1] 148
[1] 75
[1] 10
[1] 13
[1] 11
[1] 15
[1] 69
[1] 53
[1][1] 13
[1] 11
 149
[1] 76
[1] 14
[1] 30
[1] 12
[1] 16
[1] 70
[1] 12
[1] 150[1][1]
 54
 15
[1] 77
[1] 14
[1][1] 31
 13
[1] 17
[1] 13
[1][1] 151
 55
[1] 15
[1] 16
[1] 78
[1] 71
[1] 18
[1] 14
[1] 14
[1] 16
[1] 32
[1] 152
[1] 17
[1] 79
[1] 72
[1] 19
[1] 56
[1] 15
[1] 17
[1][1] 18 153

[1] 33
[1] 80
[1] 73
[1] 20
[1] 57
[1] 15
[1] 16
[1] 34
[1] 154
[1] 21
[1] 18
[1] 19
[1] 81
[1] 58
[1] 74
[1] 16
[1] 35
[1] 17
[1] 155
[1] 22
[1] 19
[1] 20
[1] 82
[1] 75
[1] 17
[1] 59
[1] 36
[1] 18
[1] 156
[1] 20
[1] 23
[1] 21
[1] 83
[1] 76
[1] 60
[1] 18
[1] 37
[1][1] 157
 19
[1] 24
[1] 21
[1] 84
[1] 19
[1] 77
[1] 61
[1] 22
[1] 38
[1] 20
[1] 158
[1] 25
[1] 22
[1] 85
[1] 20
[1] 78
[1] 62
[1] 23
[1] 39
[1] 159
[1] 21
[1] 23
[1] 26
[1] 86
[1] 79
[1] 63
[1] 24
[1] 21
[1] 40
[1] 160
[1] 22
[1] 24
[1] 27
[1] 87
[1] 80
[1] 64
[1] 41
[1] 25
[1] 23
[1] 161
[1] 22
[1][1] 28 25

[1] 88
[1] 81
[1] 65
[1] 26
[1] 24
[1] 42
[1] 162
[1] 29
[1] 26
[1] 89
[1] 82
[1] 23
[1] 66
[1] 163
[1] 43
[1] 27
[1] 25
[1] 27
[1] 30
[1] 90
[1] 24
[1] 67
[1] 83
[1] 44
[1] 164
[1] 26
[1] 28
[1] 31
[1] 68
[1][1] 91
 25
[1] 28
[1] 84
[1] 45
[1] 27
[1] 165
[1] 29
[1] 32
[1] 69
[1] 92
[1] 26
[1] 29
[1] 85
[1] 46
[1] 166
[1] 30
[1] 28
[1] 33
[1] 93
[1] 70
[1] 27
[1] 30
[1] 86
[1] 47
[1] 167
[1] 34
[1] 29
[1] 71
[1] 94
[1] 31
[1] 31
[1] 28
[1] 87
[1] 48
[1] 168
[1] 35
[1] 30
[1] 72
[1] 95
[1] 88
[1] 32
[1][1] 32
 29
[1] 49
[1] 31
[1][1] 169 36

[1] 73
[1] 89
[1] 30
[1] 96
[1] 33
[1] 33
[1] 50
[1] 37
[1] 32
[1] 170
[1] 90
[1] 74
[1] 97
[1] 31
[1] 34
[1] 34
[1] 51
[1] 38
[1] 171
[1] 33
[1] 91
[1] 75
[1] 98
[1] 32
[1] 35
[1] 35
[1] 39
[1][1] 172 52

[1] 34
[1] 92
[1] 33
[1] 36
[1] 36
[1] 99
[1] 173
[1] 35
[1] 76
[1] 53
[1] 40
[1] 93
[1] 34
[1] 37
[1] 100
[1] 37
[1] 54
[1] 174
[1] 36
[1] 77
[1] 94
[1] 41
[1] 35
[1] 101
[1] 38
[1] 38
[1] 55
[1] 175
[1] 78
[1] 37
[1] 95
[1] 36
[1] 42
[1] 102
[1] 39
[1] 56
[1] 39
[1] 79
[1] 96
[1] 176
[1] 43
[1] 37
[1] 103
[1] 38
[1] 40
[1] 57
[1] 40
[1] 80
[1] 97
[1] 177
[1] 44
[1] 104
[1] 38
[1] 39
[1] 58
[1] 41
[1] 41
[1] 81
[1] 98
[1] 105
[1] 178
[1][1] 45 39

[1] 40
[1] 59
[1] 42
[1] 82
[1] 99
[1] 40
[1] 179
[1] 41
[1] 106
[1] 42
[1] 46
[1] 60
[1] 83
[1] 43
[1] 100
[1] 41
[1] 42
[1] 180
[1] 107
[1] 47
[1] 43
[1] 61
[1] 44
[1] 84
[1] 101
[1] 108
[1] 42
[1] 181
[1] 48
[1] 62
[1] 44
[1] 43
[1] 85
[1] 45
[1] 102
[1] 109
[1] 43
[1] 63
[1][1] 182
[1] 45
 49
[1] 86
[1] 44
[1] 46
[1] 103
[1] 110
[1] 44
[1] 64
[1] 46
[1] 87
[1] 50
[1] 183
[1] 104
[1][1] 45 47

[1] 111
[1] 45
[1] 65
[1] 88
[1] 47
[1] 51
[1] 184
[1] 105
[1] 46[1] 48

[1] 112
[1] 46
[1] 89
[1] 66
[1] 48
[1] 52
[1] 185
[1] 106
[1] 47
[1] 49
[1] 113
[1] 47
[1] 90
[1] 67
[1] 49
[1] 186
[1] 53
[1] 107
[1] 48
[1] 50
[1] 114
[1] 48
[1] 68
[1] 91
[1] 108
[1] 187
[1] 54
[1] 50
[1] 49
[1] 51
[1] 115
[1] 69
[1] 49
[1] 92
[1] 109
[1] 188
[1] 55
[1] 50
[1] 51
[1] 52
[1] 116
[1] 70
[1] 93
[1] 50
[1] 110
[1] 51
[1] 56
[1] 189
[1] 52
[1] 117
[1] 71
[1] 51
[1][1] 94 53

[1] 190
[1] 57
[1] 111
[1] 52
[1] 53
[1] 118
[1] 72
[1] 95
[1] 52
[1] 53
[1] 191
[1] 58
[1] 54
[1] 54
[1] 112
[1] 119
[1] 73
[1] 96
[1] 53
[1] 192
[1] 54
[1] 59
[1][1] 55
 55
[1] 120
[1] 74
[1] 113
[1] 97
[1] 54
[1] 55
[1] 193
[1] 60
[1] 121
[1] 56
[1] 75
[1] 114
[1] 98
[1] 56
[1] 55
[1] 56
[1] 61
[1] 194
[1] 122
[1] 76
[1] 57
[1] 115
[1] 99
[1] 57
[1] 62
[1] 123
[1][1] 56
 195
[1] 57
[1] 77
[1] 116
[1] 58
[1] 100
[1] 58
[1] 63
[1] 124
[1] 196
[1] 58
[1] 57
[1] 78
[1] 117
[1] 59
[1] 101
[1] 64
[1] 59
[1] 125
[1] 197
[1] 59
[1] 58
[1] 79
[1] 118
[1] 60
[1] 102
[1] 65
[1] 126
[1] 60
[1] 60
[1] 198
[1] 59
[1] 80
[1] 119
[1] 61
[1] 103
[1] 66
[1] 61
[1] 127
[1] 61
[1] 120
[1] 60
[1] 199
[1] 81
[1] 104
[1] 62
[1] 67
[1] 62
[1] 128
[1] 62
[1] 121
[1] 82
[1] 61
[1] 105
[1] 63
[1] 200
[1] 68
[1] 63
[1] 129
[1] 63
[1] 83
[1] 122
[1] 106
[1] 62
[1] 64
[1] 2
[1] 69
[1] 64
[1] 130
[1] 64
[1] 84
[1] 123
[1] 107
[1] 65
[1] 63
[1] 70
[1] 3
[1] 65
[1] 131
[1] 65
[1] 85
[1] 124
[1] 108
[1] 64
[1] 66
[1] 71
[1] 66
[1] 132
[1] 4
[1] 86
[1] 125
[1] 66
[1] 109
[1] 65
[1] 67
[1] 72
[1] 67
[1] 133
[1] 67
[1] 87
[1] 126
[1] 5
[1] 110
[1] 66
[1] 68
[1] 73
[1] 68
[1] 134
[1] 68
[1] 88
[1] 127
[1] 111
[1] 6
[1] 67
[1] 69
[1] 74
[1] 69
[1] 135
[1] 69
[1] 89
[1] 128
[1] 112
[1] 7
[1] 70
[1] 68
[1] 75
[1] 70
[1] 136
[1] 70
[1] 129
[1] 90
[1] 113
[1] 71
[1] 76
[1] 69
[1] 8
[1] 71
[1] 137
[1] 71
[1] 130
[1] 91
[1] 114
[1] 72
[1] 70
[1] 77
[1] 9
[1] 72
[1] 138
[1] 72
[1] 131
[1] 92
[1] 115
[1] 73
[1] 71
[1] 78
[1] 73
[1] 139
[1] 73
[1] 132
[1] 93
[1] 116
[1] 74
[1] 72
[1] 79
[1] 74
[1] 140
[1] 74
[1] 133
[1] 94
[1] 117
[1] 75
[1] 73
[1] 80
[1] 75
[1] 141
[1] 75
[1] 134
[1] 95
[1] 118
[1] 76
[1] 74
[1] 81
[1] 76
[1] 142
[1] 76
[1] 135
[1] 96
[1] 77
[1] 119
[1] 75
[1] 82
[1] 77
[1] 143
[1] 77
[1] 136
[1] 97
[1] 78
[1] 120
[1] 76
[1] 83
[1] 78
[1] 144
[1] 78
[1] 137
[1] 98
[1] 79
[1] 121
[1] 77
[1] 84
[1] 79
[1] 79
[1] 145
[1] 138
[1] 99
[1] 80
[1] 122
[1] 78
[1] 85
[1] 80
[1] 80
[1] 146
[1] 139
[1] 100
[1] 81
[1] 123
[1] 79
[1] 86
[1] 81
[1] 147
[1] 81
[1] 140
[1] 101
[1] 82
[1] 124
[1] 80
[1] 87
[1] 148
[1] 82
[1] 82
[1] 141
[1] 102
[1] 83
[1] 125
[1] 81
[1] 88
[1] 149
[1] 83
[1] 83
[1] 142
[1] 84
[1] 103
[1] 126
[1] 82
[1] 89
[1] 150
[1] 84
[1] 84
[1] 143
[1] 104
[1] 85
[1] 127
[1] 83
[1] 90
[1] 151
[1] 85
[1] 144
[1] 85
[1] 86
[1] 105
[1] 128
[1] 91
[1] 84
[1] 152
[1] 86
[1] 145
[1] 86
[1] 87
[1] 106
[1] 129
[1] 92
[1] 85
[1] 87
[1] 153
[1] 87
[1] 146
[1] 107
[1] 88
[1] 130
[1] 86
[1] 93
[1] 88
[1] 154
[1] 88
[1] 147
[1] 108
[1] 89
[1] 131
[1] 87
[1] 94
[1] 89
[1] 155
[1] 89
[1] 148
[1] 109
[1] 90
[1] 132
[1] 88
[1] 95
[1] 90
[1] 156
[1] 90
[1] 149
[1] 91
[1] 110
[1] 133
[1] 96
[1] 89
[1] 91
[1] 157
[1] 91
[1] 150
[1] 92
[1] 111
[1] 134
[1] 90
[1] 97
[1] 92
[1] 158
[1] 92
[1] 151
[1] 93
[1] 112
[1] 135
[1] 91
[1] 98
[1] 93
[1] 159
[1] 93
[1] 152
[1] 94
[1] 113
[1] 136
[1] 92
[1] 99
[1] 94
[1] 160
[1] 94
[1] 153
[1] 95
[1] 114
[1] 137
[1] 93
[1] 100
[1] 161
[1] 95
[1] 95
[1] 154
[1] 115
[1] 96
[1] 138
[1] 94
[1] 101
[1] 96
[1] 162
[1] 96
[1] 155
[1] 116
[1] 97
[1] 95
[1] 139
[1] 102
[1] 163
[1] 97
[1] 97
[1] 98
[1] 117
[1] 156
[1] 96
[1] 140
[1] 164
[1] 103
[1] 98
[1] 98
[1] 99
[1] 118
[1] 157
[1] 141
[1] 97
[1] 165
[1] 104
[1] 99
[1] 99
[1] 100
[1] 119
[1] 158
[1] 142
[1] 166
[1] 98
[1] 105
[1] 100
[1] 101
[1] 120
[1] 100
[1] 159
[1] 143
[1] 167
[1] 99
[1] 106
[1] 101
[1] 101
[1] 102
[1] 121
[1] 160
[1] 144
[1] 168
[1] 100
[1] 107
[1] 102
[1] 102
[1] 103
[1] 122
[1] 161
[1] 145
[1] 101
[1] 169
[1] 108
[1] 103
[1] 103
[1] 104
[1] 123
[1] 146
[1] 170
[1] 162
[1] 102
[1] 109
[1] 104
[1] 104
[1] 105
[1] 124
[1] 171
[1] 147
[1] 163
[1] 103
[1] 105
[1] 110
[1] 105
[1] 106
[1] 172
[1] 148
[1] 125
[1] 164
[1] 104
[1] 111
[1] 106
[1] 106
[1] 107
[1] 173
[1] 126
[1] 149
[1] 165
[1] 105
[1] 112
[1] 107
[1] 107
[1] 108
[1] 174
[1] 127
[1] 150
[1] 106
[1] 166
[1] 113
[1] 108
[1] 108
[1] 109
[1] 128
[1] 175
[1] 151
[1] 107
[1] 167
[1] 114
[1] 109
[1] 109
[1] 110
[1] 129
[1] 176
[1] 152
[1] 108
[1] 168
[1] 115
[1] 110
[1] 110
[1] 130
[1] 111
[1] 153
[1] 109
[1] 177
[1] 116
[1] 169
[1] 111
[1] 111
[1] 131
[1] 112
[1] 154
[1] 110
[1] 178
[1] 117
[1] 170
[1] 112
[1] 112
[1] 132
[1] 113
[1] 155
[1] 179
[1] 111
[1] 118
[1] 171
[1] 113
[1] 113
[1] 133
[1] 114
[1] 156
[1] 112
[1] 180
[1] 119
[1] 172
[1] 114
[1] 114
[1] 134
[1] 115
[1] 157
[1] 113
[1] 181
[1] 120
[1] 173
[1] 115
[1] 115
[1] 135
[1] 116
[1] 158
[1] 114
[1] 182
[1] 121
[1] 174
[1] 116
[1] 116
[1] 136
[1] 117
[1] 159
[1] 115
[1] 183
[1] 122
[1] 175
[1] 117
[1] 117
[1] 137
[1] 118
[1] 160
[1] 116
[1] 184
[1] 123
[1] 176
[1] 118
[1] 118
[1] 138
[1] 119
[1] 161
[1] 117
[1] 185
[1] 124
[1] 177
[1] 119
[1] 119
[1] 139
[1] 120
[1] 162
[1] 118
[1] 125
[1] 186
[1] 178
[1] 120
[1] 140
[1] 120
[1] 163
[1] 121
[1] 119
[1] 126
[1] 187
[1] 179
[1] 121
[1][1] 141
 121
[1] 164
[1] 122
[1] 120
[1] 127
[1] 188
[1] 180
[1] 122
[1] 122
[1] 142
[1] 165
[1] 123
[1] 128
[1] 121
[1] 189
[1] 181
[1] 123
[1] 143
[1] 123
[1] 124
[1] 166
[1] 129
[1] 122
[1] 190
[1] 182
[1] 124
[1] 144
[1] 124
[1] 125
[1] 167
[1] 130
[1] 123
[1] 191
[1] 183
[1] 145
[1] 125
[1] 126
[1] 168
[1] 125
[1] 124
[1] 131
[1] 192
[1] 184
[1] 146
[1] 127
[1] 126
[1] 169
[1] 126
[1] 132
[1] 125
[1] 193
[1] 147
[1] 185
[1] 128
[1] 127
[1] 127
[1] 170
[1] 133
[1] 126
[1] 194
[1] 186
[1] 148
[1] 129
[1] 171
[1] 128
[1] 128
[1] 134
[1] 127
[1] 195
[1] 187
[1] 130
[1] 149
[1] 172
[1] 129
[1] 129
[1] 128
[1] 135
[1] 196
[1] 130
[1] 131
[1] 150
[1] 188
[1] 173
[1] 130
[1] 129
[1] 136
[1] 197
[1] 131
[1] 132
[1][1] 174 189

[1] 131
[1] 151
[1] 137
[1] 130
[1] 198
[1] 132
[1] 133
[1] 190
[1] 175
[1] 132
[1] 152
[1] 131
[1] 138
[1] 199
[1] 133
[1] 134
[1] 176
[1] 191
[1] 133
[1] 153
[1] 132
[1] 139
[1] 200
[1] 135
[1] 134
[1][1] 192
 177
[1] 134
[1] 154
[1] 133
[1] 140
[1] 2
[1] 136
[1] 135
[1] 193
[1] 178
[1] 135
[1] 155
[1] 134
[1] 141
[1] 136
[1] 3
[1] 137
[1] 179
[1] 194
[1] 136
[1] 156
[1] 135
[1] 142
[1] 137
[1] 138
[1] 4
[1] 180
[1] 195
[1] 157
[1] 137
[1] 143
[1] 136
[1] 139
[1] 138
[1] 5
[1] 181
[1] 196
[1] 158
[1] 138
[1] 144
[1] 137
[1] 139
[1] 140
[1] 182
[1] 6
[1] 197
[1] 159
[1] 139
[1] 145
[1] 138
[1] 141
[1] 140
[1] 7
[1] 183
[1] 198
[1] 160
[1] 140
[1] 146
[1] 139
[1] 141
[1] 8
[1] 142
[1] 184
[1] 199
[1] 161
[1] 141
[1] 147
[1] 140
[1] 9
[1] 142
[1] 185
[1] 200
[1] 143
[1] 162
[1] 142
[1] 148
[1] 141
[1] 186
[1] 143
[1] 144
[1] 2
[1] 163
[1] 143
[1] 149
[1] 142
[1] 187
[1] 144
[1] 145
[1] 3
[1] 164
[1] 144
[1] 150
[1] 143
[1] 188
[1] 145
[1] 146
[1] 4
[1] 165
[1] 145
[1] 151
[1] 144
[1] 189
[1] 146
[1] 147
[1] 5
[1] 166
[1] 146
[1] 145
[1] 152
[1] 190
[1] 147
[1] 148
[1] 6
[1] 167
[1] 147
[1] 153
[1] 146
[1] 148
[1] 149
[1] 191
[1] 7
[1] 168
[1] 148
[1] 154
[1] 147
[1] 149
[1] 150
[1] 192
[1] 8
[1] 169
[1] 149
[1] 148
[1] 155
[1] 150
[1] 151
[1] 193
[1] 9
[1] 170
[1] 150
[1] 149
[1] 156
[1] 151
[1] 152
[1] 194
[1] 151
[1] 171
[1] 150
[1] 157
[1] 153
[1] 152
[1] 195
[1] 152
[1] 172
[1] 151
[1] 158
[1] 154
[1] 153
[1] 196
[1] 153
[1] 173
[1] 152
[1] 155
[1] 159
[1] 154
[1] 197
[1] 154
[1] 174
[1] 153
[1] 156
[1] 160
[1] 155
[1] 198
[1] 155
[1] 175
[1] 154
[1] 157
[1] 161
[1] 156
[1] 199
[1] 156
[1] 176
[1] 155
[1] 158
[1] 162
[1] 157
[1] 200
[1] 157
[1] 177
[1] 156
[1] 159
[1] 163
[1] 158
[1] 158
[1] 2
[1] 178
[1] 157
[1] 160
[1] 159
[1] 164
[1] 159
[1] 179
[1] 3
[1] 158
[1] 161
[1] 160
[1] 165
[1] 160
[1] 159
[1] 4
[1] 162
[1] 161
[1] 166
[1] 180
[1] 161
[1] 5
[1] 160
[1] 162
[1] 163
[1] 167
[1] 181
[1] 162
[1] 6
[1] 161
[1] 163
[1] 168
[1] 164
[1] 182
[1] 163
[1] 7
[1] 162
[1] 164
[1] 169
[1] 165
[1] 183
[1] 164
[1] 8
[1] 163
[1] 165
[1] 170
[1] 166
[1] 184
[1] 165
[1] 9
[1] 164
[1] 166
[1] 171
[1] 167
[1] 185
[1] 166
[1] 165
[1] 167
[1] 172
[1] 168
[1] 186
[1] 167
[1] 166
[1] 168
[1] 169
[1] 173
[1] 187
[1] 168
[1] 169
[1] 167
[1] 170
[1] 174
[1] 188
[1] 170
[1] 169
[1] 168
[1] 171
[1] 175
[1] 189
[1] 171
[1] 169
[1] 170
[1] 172
[1] 176
[1] 190
[1] 170
[1] 171
[1] 172
[1] 177
[1] 173
[1] 191
[1] 171
[1] 172
[1] 173
[1] 178
[1] 174
[1] 192
[1] 172
[1] 173
[1] 174
[1] 179
[1] 175
[1] 193
[1] 173
[1] 174
[1] 175
[1] 180
[1] 194
[1] 176
[1] 174
[1] 175
[1] 176
[1] 181
[1] 195
[1] 177
[1] 175
[1] 176
[1] 177
[1] 182
[1] 196
[1] 178
[1] 176
[1] 177
[1] 183
[1] 178
[1] 197
[1] 179
[1] 177
[1] 178
[1] 184
[1] 179
[1] 180
[1] 198
[1] 178
[1] 179
[1] 185
[1] 180
[1] 181
[1] 199
[1] 179
[1] 180
[1] 186
[1] 181
[1] 200
[1] 182
[1] 181
[1] 180
[1] 187
[1] 182
[1] 2
[1] 183
[1] 182
[1] 181
[1] 183
[1] 188
[1] 184
[1] 3
[1] 189
[1] 183
[1] 184
[1] 182
[1] 185
[1] 4
[1] 190
[1] 184
[1] 185
[1] 183
[1] 186
[1] 191
[1] 186
[1] 5
[1] 185
[1] 184
[1] 187
[1] 192
[1] 186
[1] 6
[1] 187
[1] 185
[1] 188
[1] 193
[1] 187
[1] 188
[1] 7
[1] 186
[1] 194
[1] 189
[1] 188
[1] 189
[1] 187
[1] 8
[1] 195
[1] 190
[1] 189
[1] 190
[1] 188
[1] 9
[1] 196
[1] 191
[1] 190
[1] 191
[1] 189
[1] 197
[1] 192
[1] 192
[1] 191
[1] 190
[1] 198
[1] 193
[1] 192
[1] 193
[1] 191
[1] 199
[1] 194
[1] 193
[1] 194
[1] 192
[1] 200
[1] 195
[1] 195
[1] 194
[1] 193
[1] 196
[1] 2
[1] 196
[1] 195
[1] 194
[1] 197
[1] 197
[1] 3
[1] 196
[1] 195
[1] 198
[1] 4
[1] 197
[1] 198
[1] 196
[1] 199
[1] 198
[1] 5
[1] 199
[1] 197
[1] 200
[1] 199
[1] 200
[1] 6
[1] 198
[1] 2
[1] 200
[1] 2
[1] 7
[1] 199
[1] 2
[1] 3
[1] 8
[1] 200
[1] 3
[1] 4
[1] 9
[1] 3
[1] 4
[1] 2
[1] 5
[1] 4
[1] 5
[1] 3
[1] 6
[1] 5
[1] 4
[1] 6
[1] 7
[1] 6
[1] 5
[1] 7
[1] 8
[1] 7
[1] 8
[1] 6
[1] 9
[1] 8
[1] 7
[1] 9
[1] 9
[1] 8
[1] 9
[1] 2
[1] 3
[1] 4
[1] 5
[1] 6
[1] 7
[1] 8
[1] 9
[1] 10
[1] 11
[1] 12
[1] 13
[1] 14
[1] 15
[1] 16
[1] 17
[1] 18
[1] 19
[1] 20
[1] 21
[1] 22
[1] 23
[1] 24
[1] 25
[1] 26
[1] 27
[1] 28
[1] 29
[1] 30
[1] 31
[1] 32
[1] 33
[1] 34
[1] 35
[1] 36
[1] 37
[1] 38
[1] 39
[1] 40
[1] 41
[1] 42
[1] 43
[1] 44
[1] 45
[1] 46
[1] 47
[1] 48
[1] 49
[1] 50
[1] 51
[1] 52
[1] 53
[1] 54
[1] 55
[1] 56
[1] 57
[1] 58
[1] 59
[1] 60
[1] 61
[1] 62
[1] 63
[1] 64
[1] 65
[1] 66
[1] 67
[1] 68
[1] 69
[1] 70
[1] 71
[1] 72
[1] 73
[1] 74
[1] 75
[1] 76
[1] 77
[1] 78
[1] 79
[1] 80
[1] 81
[1] 82
[1] 83
[1] 84
[1] 85
[1] 86
[1] 87
[1] 88
[1] 89
[1] 90
[1] 91
[1] 92
[1] 93
[1] 94
[1] 95
[1] 96
[1] 97
[1] 98
[1] 99
[1] 100
[1] 101
[1] 102
[1] 103
[1] 104
[1] 105
[1] 106
[1] 107
[1] 108
[1] 109
[1] 110
[1] 111
[1] 112
[1] 113
[1] 114
[1] 115
[1] 116
[1] 117
[1] 118
[1] 119
[1] 120
[1] 121
[1] 122
[1] 123
[1] 124
[1] 125
[1] 126
[1] 127
[1] 128
[1] 129
[1] 130
[1] 131
[1] 132
[1] 133
[1] 134
[1] 135
[1] 136
[1] 137
[1] 138
[1] 139
[1] 140
[1] 141
[1] 142
[1] 143
[1] 144
[1] 145
[1] 146
[1] 147
[1] 148
[1] 149
[1] 150
[1] 151
[1] 152
[1] 153
[1] 154
[1] 155
[1] 156
[1] 157
[1] 158
[1] 159
[1] 160
[1] 161
[1] 162
[1] 163
[1] 164
[1] 165
[1] 166
[1] 167
[1] 168
[1] 169
[1] 170
[1] 171
[1] 172
[1] 173
[1] 174
[1] 175
[1] 176
[1] 177
[1] 178
[1] 179
[1] 180
[1] 181
[1] 182
[1] 183
[1] 184
[1] 185
[1] 186
[1] 187
[1] 188
[1] 189
[1] 190
[1] 191
[1] 192
[1] 193
[1] 194
[1] 195
[1] 196
[1] 197
[1] 198
[1] 199
[1] 200
[1] 2
[1] 3
[1] 4
[1] 5
[1] 6
[1] 7
[1] 8
[1] 9
