[1] "base"
[1] "r2"
[1] "r4"
[1] "r6"
[1] "r8"
[1] "r10"
[1] "r12"
[1] "base"
[1] "r14"
[1] "r2"
[1] "r16"
[1] "r4"
[1] "r18"
[1] "r6"
[1] "r20"
[1] "base"
[1] "r8"
[1] "r22"
[1] "r2"
[1] "r10"
[1] "r24"
[1] "r4"
[1] "r12"
[1] "r26"
[1] "base"
[1] "r6"
[1] "r14"
[1] "r28"
[1] "r2"
[1] "r8"
[1] "r16"
[1] "r30"
[1] "r10"
[1] "r4"
[1] "r18"
[1] "r32"
[1] "r12"
[1] "r6"
[1] "base"
[1] "r20"
[1] "r8"
[1] "r34"
[1] "r14"
[1] "r2"
[1] "r22"
[1] "r10"
[1] "r16"
[1] "r36"
[1] "r4"
[1] "r12"
[1] "r24"
[1] "r6"
[1] "r18"
[1] "r38"
[1] "r14"
[1] "r26"
[1] "r8"
[1] "r20"
[1] "r40"
[1] "r16"
[1] "r10"
[1] "r28"
[1] "r22"
[1] "r18"
[1] "r42"
[1] "r12"
[1] "r30"
[1] "r24"
[1] "r14"
[1] "r20"
[1] "r44"
[1] "r32"
[1] "r26"
[1] "r16"
[1] "r22"
[1] "r46"
[1] "r34"
[1] "r18"
[1] "r28"
[1] "r48"
[1] "r24"
[1] "r20"
[1] "r36"
[1] "r30"
[1] "r50"
[1] "r26"
[1] "r22"
[1] "r32"
[1] "r38"
[1] "r52"
[1] "r24"
[1] "r28"
[1] "r34"
[1] "r40"
[1] "r54"
[1] "r26"
[1] "r30"
[1] "r36"
[1] "r42"
[1] "r56"
[1] "r28"
[1] "r32"
[1] "r44"
[1] "r38"
[1] "r58"
[1] "r30"
[1] "r34"
[1] "r40"
[1] "r46"
[1] "r32"
[1] "r60"
[1] "r36"
[1] "r42"
[1] "r34"
[1] "r48"
[1] "r62"
[1] "r38"
[1] "r36"
[1] "r44"
[1] "r50"
[1] "r64"
[1] "r40"
[1] "r38"
[1] "r46"
[1] "r66"
[1] "r52"
[1] "r40"
[1] "r42"
[1] "r68"
[1] "r48"
[1] "r54"
[1] "r42"
[1] "r44"
[1] "r70"
[1] "r56"
[1] "r50"
[1] "r44"
[1] "r72"
[1] "r46"
[1] "r58"
[1] "r52"
[1] "r46"
[1] "r74"
[1] "r48"
[1][1] "r60"
[1] "r48"
 "r54"
[1] "r76"
[1] "r56"
[1] "r50"
[1] "r50"
[1] "r62"
[1] "r78"
[1] "r52"
[1] "r52"
[1] "r64"
[1] "r58"
[1] "r80"
[1] "r54"
[1] "r54"
[1] "r66"
[1] "r60"
[1] "r82"
[1] "r56"
[1] "r56"
[1] "r68"
[1] "r62"
[1] "r84"
[1] "r58"
[1] "r58"
[1] "r70"
[1] "r86"
[1] "r60"
[1] "r60"
[1] "r64"
[1] "r72"
[1] "r88"
[1] "r62"
[1] "r62"
[1] "r74"
[1] "r66"
[1] "r90"
[1] "r64"
[1] "r64"
[1] "r76"
[1] "r68"
[1] "r92"
[1] "r66"
[1] "r66"
[1] "r94"
[1] "r78"
[1] "r70"
[1] "r68"
[1] "r68"
[1] "r96"
[1] "r80"
[1] "r72"
[1] "r70"
[1] "r70"
[1] "r98"
[1] "r82"
[1] "r72"
[1] "r74"
[1] "r72"
[1] "r100"
[1] "r84"
[1] "r74"
[1] "r76"
[1] "r102"
[1] "r74"
[1] "r76"
[1] "r86"
[1] "r104"
[1] "r78"
[1] "r76"
[1] "r78"
[1] "r106"
[1] "r88"
[1] "r80"
[1] "r78"
[1] "r80"
[1] "r108"
[1] "r90"
[1] "r80"
[1] "r82"
[1] "r82"
[1] "r110"
[1] "r92"
[1] "r82"
[1] "r84"
[1] "r84"
[1] "r112"
[1] "r94"
[1] "r84"
[1] "r86"
[1] "r86"
[1] "r114"
[1] "r86"
[1] "r96"
[1] "r88"
[1] "r116"
[1] "r88"
[1] "r88"
[1] "r98"
[1] "r90"
[1] "r118"
[1] "r90"
[1] "r90"
[1] "r100"
[1] "r92"
[1] "r120"
[1] "r92"
[1] "r92"
[1] "r94"
[1] "r102"
[1] "r122"
[1] "r94"
[1] "r94"
[1] "r104"
[1] "r96"
[1] "r124"
[1] "r96"
[1] "r96"
[1] "r106"
[1] "r98"
[1] "r126"
[1] "r98"
[1] "r98"
[1] "r100"
[1] "r108"
[1] "r128"
[1] "r100"
[1] "r102"
[1] "r100"
[1] "r110"
[1] "r130"
[1] "r104"
[1] "r102"
[1] "r102"
[1] "r112"
[1] "r132"
[1] "r106"
[1] "r104"
[1] "r104"
[1] "r134"
[1] "r114"
[1] "r108"
[1] "r106"
[1] "r106"
[1] "r116"
[1] "r136"
[1] "r110"
[1] "r108"
[1] "r108"
[1] "r138"
[1] "r112"
[1] "r118"
[1] "r110"
[1] "r110"
[1] "r140"
[1] "r114"
[1] "r120"
[1] "r112"
[1] "r142"
[1] "r112"
[1] "r116"
[1] "r122"
[1] "r114"
[1] "r144"
[1] "r118"
[1] "r114"
[1] "r124"
[1] "r116"
[1] "r146"
[1] "r120"
[1] "r116"
[1] "r126"
[1] "r148"
[1] "r118"
[1] "r122"
[1] "r118"
[1] "r150"
[1] "r128"
[1] "r120"
[1] "r124"
[1] "r120"
[1] "r152"
[1] "r130"
[1] "r122"
[1] "r126"
[1] "r154"
[1] "r122"
[1] "r132"
[1] "r128"
[1] "r124"
[1] "r156"
[1] "r130"
[1] "r134"
[1] "r124"
[1] "r126"
[1] "r158"
[1] "r132"
[1] "r136"
[1] "r128"
[1] "r126"
[1] "r160"
[1] "r134"
[1] "r138"
[1] "r128"
[1] "r130"
[1] "r162"
[1] "r136"
[1] "r140"
[1] "r164"
[1] "r132"
[1] "r130"
[1] "r138"
[1] "r166"
[1] "r142"
[1] "r134"
[1] "r132"
[1] "r140"
[1] "r168"
[1] "r144"
[1] "r136"
[1] "r142"
[1] "r134"
[1] "r170"
[1] "r146"
[1] "r144"
[1] "r138"
[1] "r136"
[1] "r172"
[1] "r148"
[1] "r146"
[1] "r140"
[1] "r138"
[1] "r174"
[1] "r150"
[1] "r148"
[1] "r142"
[1] "r140"
[1] "r176"
[1] "r152"
[1] "r150"
[1] "r144"
[1] "r142"
[1] "r178"
[1] "r152"
[1] "r154"
[1] "r146"
[1] "r180"
[1] "r144"
[1] "r154"
[1] "r156"
[1] "r148"
[1] "r182"
[1] "r156"
[1] "r146"
[1] "r158"
[1] "r150"
[1] "r184"
[1] "r158"
[1] "r148"
[1] "r160"
[1] "r152"
[1] "r186"
[1] "r160"
[1] "r150"
[1] "r154"
[1] "r162"
[1] "r188"
[1] "r162"
[1] "r156"
[1] "r152"
[1] "r190"
[1] "r164"
[1] "r164"
[1] "r158"
[1] "r166"
[1] "r192"
[1] "r154"
[1] "r166"
[1] "r168"
[1] "r160"
[1] "r194"
[1] "r168"
[1] "r156"
[1] "r170"
[1] "r196"
[1] "r162"
[1] "r158"
[1] "r170"
[1] "r172"
[1] "r198"
[1] "r164"
[1] "r160"
[1] "r172"
[1] "r200"
[1] "r174"
[1] "r166"
[1] "r162"
[1] "r174"
[1] "r176"
[1] "r202"
[1] "r176"
[1] "r164"
[1] "r168"
[1] "r204"
[1] "r178"
[1] "r166"
[1] "r178"
[1] "r170"
[1] "r206"
[1] "r180"
[1] "r168"
[1] "r180"
[1] "r172"
[1] "r208"
[1] "r182"
[1] "r170"
[1] "r174"
[1] "r210"
[1] "r184"
[1] "r182"
[1] "r176"
[1] "r212"
[1] "r186"
[1] "r184"
[1] "r172"
[1] "r214"
[1] "r188"
[1] "r178"
[1] "r186"
[1] "r174"
[1] "r190"
[1] "r216"
[1] "r180"
[1] "r188"
[1] "r176"
[1] "r192"
[1] "r218"
[1] "r182"
[1] "r190"
[1] "r194"
[1] "r178"
[1] "r220"
[1] "r184"
[1] "r192"
[1] "r196"
[1] "r180"
[1] "r222"
[1] "r186"
[1] "r194"
[1] "r198"
[1] "r224"
[1] "r182"
[1] "r188"
[1] "r200"
[1] "r226"
[1] "r196"
[1] "r190"
[1] "r184"
[1] "r202"
[1] "r228"
[1] "r198"
[1] "r192"
[1] "r186"
[1] "r204"
[1] "r230"
[1] "r200"
[1] "r194"
[1] "r188"
[1] "r232"
[1] "r206"
[1] "r202"
[1] "r196"
[1] "r190"
[1] "r234"
[1] "r208"
[1] "r204"
[1] "r198"
[1] "r236"
[1] "r192"
[1] "r210"
[1] "r206"
[1] "r200"
[1] "r238"
[1] "r194"
[1] "r212"
[1] "r240"
[1] "r202"
[1] "r208"
[1] "r242"
[1] "r196"
[1] "r214"
[1] "r244"
[1] "r210"
[1] "r204"
[1] "r216"
[1] "r198"
[1] "r246"
[1] "r212"
[1] "r206"
[1] "r200"
[1] "r218"
[1] "r248"
[1] "r208"
[1] "r214"
[1] "r250"
[1] "r202"
[1] "r220"
[1] "r252"
[1] "r210"
[1] "r216"
[1] "r204"
[1] "r222"
[1] "r254"
[1] "r212"
[1] "r218"
[1] "r256"
[1] "r206"
[1] "r224"
[1] "r214"
[1] "r220"
[1] "r258"
[1] "r208"
[1] "r226"
[1] "r260"
[1] "r216"
[1] "r222"
[1] "r228"
[1] "r210"
[1] "r262"
[1] "r218"
[1] "r224"
[1] "r264"
[1] "r230"
[1] "r212"
[1] "r226"
[1] "r266"
[1] "r220"
[1] "r232"
[1] "r214"
[1] "r268"
[1] "r228"
[1] "r222"
[1] "r234"
[1] "r270"
[1] "r216"
[1] "r224"
[1] "r230"
[1] "r236"
[1] "r272"
[1] "r218"
[1] "r226"
[1] "r232"
[1] "r274"
[1] "r238"
[1] "r234"
[1] "r276"
[1] "r220"
[1] "r228"
[1] "r240"
[1] "r236"
[1] "r278"
[1] "r230"
[1] "r222"
[1] "r238"
[1] "r242"
[1] "r280"
[1] "r232"
[1] "r224"
[1] "r240"
[1] "r282"
[1] "r244"
[1] "r234"
[1] "r242"
[1] "r284"
[1] "r226"
[1] "r246"
[1] "r236"
[1] "r244"
[1] "r286"
[1] "r228"
[1] "r248"
[1] "r246"
[1] "r238"
[1] "r288"
[1] "r230"
[1] "r250"
[1] "r248"
[1] "r240"
[1] "r290"
[1] "r232"
[1] "r250"
[1] "r252"
[1] "r242"
[1] "r292"
[1] "r234"
[1] "r252"
[1] "r244"
[1] "r294"
[1] "r254"
[1] "r236"
[1] "r254"
[1] "r296"
[1] "r246"
[1] "r256"
[1] "r256"
[1] "r248"
[1] "r238"
[1] "r298"
[1] "r258"
[1] "r258"
[1] "r300"
[1] "r260"
[1] "r250"
[1] "r240"
[1] "r260"
[1] "r302"
[1] "r262"
[1] "r252"
[1] "r242"
[1] "r262"
[1] "r264"
[1] "r304"
[1] "r254"
[1] "r244"
[1] "r264"
[1] "r266"
[1] "r306"
[1] "r256"
[1] "r266"
[1] "r246"
[1] "r268"
[1] "r308"
[1] "r258"
[1] "r268"
[1] "r270"
[1] "r248"
[1] "r310"
[1] "r260"
[1] "r270"
[1] "r272"
[1] "r312"
[1] "r250"
[1] "r262"
[1] "r274"
[1] "r272"
[1] "r314"
[1] "r252"
[1] "r264"
[1] "r276"
[1] "r274"
[1] "r316"
[1] "r254"
[1] "r266"
[1] "r278"
[1] "r276"
[1] "r318"
[1] "r268"
[1] "r280"
[1] "r320"
[1] "r256"
[1] "r278"
[1] "r282"
[1] "r270"
[1] "r322"
[1] "r280"
[1] "r258"
[1] "r284"
[1] "r272"
[1] "r324"
[1] "r282"
[1] "r260"
[1] "r286"
[1] "r274"
[1] "r326"
[1] "r284"
[1] "r262"
[1] "r288"
[1] "r328"
[1] "r276"
[1] "r286"
[1] "r264"
[1] "r290"
[1] "r330"
[1] "r278"
[1] "r288"
[1] "r292"
[1] "r266"
[1] "r332"
[1] "r280"
[1] "r290"
[1] "r294"
[1] "r334"
[1] "r268"
[1] "r282"
[1] "r292"
[1] "r296"
[1] "r336"
[1] "r270"
[1] "r284"
[1] "r298"
[1] "r294"
[1] "r338"
[1] "r272"
[1] "r286"
[1] "r300"
[1] "r296"
[1] "r340"
[1] "r274"
[1] "r342"
[1] "r288"
[1] "r302"
[1] "r298"
[1] "r344"
[1] "r276"
[1] "r304"
[1] "r290"
[1] "r300"
[1] "r346"
[1] "r306"
[1] "r278"
[1] "r292"
[1] "r302"
[1] "r348"
[1] "r308"
[1] "r304"
[1] "r280"
[1] "r294"
[1] "r350"
[1] "r310"
[1] "r306"
[1] "r352"
[1] "r282"
[1] "r296"
[1] "r312"
[1] "r354"
[1] "r308"
[1] "r284"
[1] "r298"
[1] "r356"
[1] "r314"
[1] "r310"
[1] "r300"
[1] "r358"
[1] "r286"
[1] "r316"
[1] "r302"
[1] "r312"
[1] "r360"
[1] "r288"
[1] "r318"
[1] "r304"
[1] "r362"
[1] "r314"
[1] "r290"
[1] "r320"
[1] "r364"
[1] "r306"
[1] "r316"
[1] "r366"
[1] "r322"
[1] "r292"
[1] "r308"
[1] "r318"
[1] "r368"
[1] "r324"
[1] "r310"
[1] "r294"
[1] "r320"
[1] "r370"
[1] "r326"
[1] "r322"
[1] "r312"
[1] "r296"
[1] "r372"
[1] "r328"
[1] "r324"
[1] "r314"
[1] "r298"
[1] "r374"
[1] "r330"
[1] "r316"
[1] "r376"
[1] "r326"
[1] "r300"
[1] "r332"
[1] "r328"
[1] "r378"
[1] "r318"
[1] "r302"
[1] "r334"
[1] "r380"
[1] "r320"
[1] "r330"
[1] "r304"
[1] "r336"
[1] "r382"
[1] "r322"
[1] "r332"
[1] "r306"
[1] "r384"
[1] "r338"
[1] "r324"
[1] "r308"
[1] "r334"
[1] "r386"
[1] "r340"
[1] "r326"
[1] "r388"
[1] "r336"
[1] "r310"
[1] "r342"
[1] "r328"
[1] "r390"
[1] "r338"
[1] "r312"
[1] "r344"
[1] "r330"
[1] "r392"
[1] "r340"
[1] "r314"
[1] "r346"
[1] "r394"
[1] "r332"
[1] "r342"
[1] "r396"
[1] "r316"
[1] "r348"
[1] "r334"
[1] "r344"
[1] "r398"
[1] "r350"
[1] "r318"
[1] "r336"
[1] "r400"
[1] "r346"
[1] "r352"
[1] "r338"
[1] "r320"
[1] "r402"
[1] "r348"
[1] "r354"
[1] "r340"
[1] "r404"
[1] "r322"
[1] "r350"
[1] "r356"
[1] "r342"
[1] "r406"
[1] "r352"
[1] "r324"
[1] "r358"
[1] "r408"
[1] "r344"
[1] "r354"
[1] "r360"
[1] "r326"
[1] "r410"
[1] "r346"
[1] "r356"
[1] "r328"
[1] "r362"
[1] "r412"
[1] "r348"
[1] "r358"
[1] "r330"
[1] "r414"
[1] "r364"
[1] "r350"
[1] "r360"
[1] "r416"
[1] "r332"
[1] "r366"
[1] "r352"
[1] "r362"
[1] "r418"
[1] "r334"
[1] "r368"
[1] "r354"
[1] "r420"
[1] "r364"
[1] "r336"
[1] "r370"
[1] "r356"
[1] "r422"
[1] "r366"
[1] "r338"
[1] "r358"
[1] "r372"
[1] "r424"
[1] "r368"
[1] "r340"
[1] "r426"
[1] "r360"
[1] "r374"
[1] "r370"
[1] "r428"
[1] "r342"
[1] "r376"
[1] "r362"
[1] "r372"
[1] "r430"
[1] "r344"
[1] "r364"
[1] "r378"
[1] "r374"
[1] "r432"
[1] "r366"
[1] "r346"
[1] "r380"
[1] "r376"
[1] "r434"
[1] "r368"
[1] "r348"
[1] "r382"
[1] "r378"
[1] "r436"
[1] "r370"
[1] "r350"
[1] "r384"
[1] "r380"
[1] "r438"
[1] "r372"
[1] "r352"
[1] "r440"
[1] "r386"
[1] "r382"
[1] "r374"
[1] "r354"
[1] "r442"
[1] "r388"
[1] "r384"
[1] "r356"
[1] "r376"
[1] "r444"
[1] "r390"
[1] "r386"
[1] "r378"
[1] "r358"
[1] "r446"
[1] "r392"
[1] "r388"
[1] "r360"
[1] "r448"
[1] "r380"
[1] "r394"
[1] "r362"
[1] "r382"
[1] "r450"
[1] "r390"
[1] "r364"
[1] "r396"
[1] "r452"
[1] "r384"
[1] "r392"
[1] "r366"
[1] "r454"
[1] "r398"
[1] "r386"
[1] "r394"
[1] "r456"
[1] "r368"
[1] "r400"
[1] "r388"
[1] "r396"
[1] "r458"
[1] "r370"
[1] "r402"
[1] "r390"
[1] "r460"
[1] "r398"
[1] "r372"
[1] "r404"
[1] "r392"
[1] "r462"
[1] "r400"
[1] "r374"
[1] "r406"
[1] "r394"
[1] "r464"
[1] "r402"
[1] "r376"
[1] "r408"
[1] "r396"
[1] "r466"
[1] "r404"
[1] "r378"
[1] "r410"
[1] "r468"
[1] "r398"
[1] "r406"
[1] "r380"
[1] "r412"
[1] "r470"
[1] "r400"
[1] "r408"
[1] "r382"
[1] "r472"
[1] "r414"
[1] "r402"
[1] "r384"
[1] "r410"
[1] "r474"
[1] "r416"
[1] "r404"
[1] "r412"
[1] "r386"
[1] "r476"
[1] "r418"
[1] "r406"
[1] "r388"
[1] "r478"
[1] "r414"
[1] "r420"
[1] "r408"
[1] "r480"
[1] "r390"
[1] "r416"
[1] "r422"
[1] "r410"
[1] "r482"
[1] "r392"
[1] "r418"
[1] "r424"
[1] "r484"
[1] "r412"
[1] "r420"
[1] "r394"
[1] "r426"
[1] "r486"
[1] "r414"
[1] "r396"
[1] "r428"
[1] "r422"
[1] "r488"
[1] "r416"
[1] "r424"
[1] "r430"
[1] "r398"
[1] "r490"
[1] "r418"
[1] "r400"
[1] "r492"
[1] "r432"
[1] "r426"
[1] "r420"
[1] "r402"
[1] "r494"
[1] "r428"
[1] "r434"
[1] "r422"
[1] "r404"
[1] "r496"
[1] "r430"
[1] "r436"
[1] "r424"
[1] "r406"
[1] "r498"
[1] "r432"
[1] "r438"
[1] "r426"
[1] "r500"
[1] "r408"
[1] "r434"
[1] "r440"
[1] "r410"
[1] "r428"
[1] "r2"
[1] "r4"
[1] "r436"
[1] "r6"
[1] "r8"
[1] "r412"
[1] "r10"
[1] "r430"
[1] "r442"
[1] "r12"
[1] "r14"
[1] "r16"
[1] "r438"
[1] "r18"
[1] "r20"
[1] "r414"
[1] "r22"
[1] "r24"
[1] "r432"
[1] "r26"
[1] "r444"
[1] "r28"
[1] "r440"
[1] "r30"
[1] "r32"
[1] "r416"
[1] "r34"
[1] "r36"
[1] "r434"
[1] "r38"
[1] "r446"
[1] "r40"
[1] "r42"
[1] "r442"
[1] "r44"
[1] "r418"
[1] "r46"
[1] "r48"
[1] "r436"
[1] "r50"
[1] "r52"
[1] "r444"
[1] "r448"
[1] "r54"
[1] "r420"
[1] "r56"
[1] "r58"
[1] "r60"
[1] "r62"
[1] "r438"
[1] "r64"
[1] "r66"
[1] "r422"
[1] "r446"
[1] "r68"
[1] "r450"
[1] "r70"
[1] "r72"
[1] "r74"
[1] "r440"
[1] "r76"
[1] "r78"
[1] "r424"
[1] "r448"
[1] "r80"
[1] "r82"
[1] "r452"
[1] "r84"
[1] "r86"
[1] "r442"
[1] "r88"
[1] "r90"
[1] "r426"
[1] "r92"
[1] "r450"
[1] "r94"
[1] "r96"
[1] "r454"
[1] "r98"
[1] "r444"
[1] "r100"
[1] "r102"
[1] "r428"
[1] "r104"
[1] "r106"
[1] "r452"
[1] "r108"
[1] "r110"
[1] "r456"
[1] "r112"
[1] "r446"
[1] "r114"
[1] "r430"
[1] "r116"
[1] "r118"
[1] "r454"
[1] "r120"
[1] "r122"
[1] "r124"
[1] "r448"
[1] "r458"
[1] "r432"
[1] "r126"
[1] "r128"
[1] "r130"
[1] "r132"
[1] "r456"
[1] "r134"
[1] "r136"
[1] "r450"
[1] "r138"
[1] "r434"
[1] "r140"
[1] "r460"
[1] "r142"
[1] "r144"
[1] "r458"
[1] "r146"
[1] "r148"
[1] "r436"
[1] "r452"
[1] "r150"
[1] "r152"
[1] "r154"
[1] "r462"
[1] "r156"
[1] "r460"
[1] "r158"
[1] "r160"
[1] "r454"
[1] "r438"
[1] "r162"
[1] "r164"
[1] "r166"
[1] "r464"
[1] "r168"
[1] "r462"
[1] "r170"
[1] "r440"
[1] "r172"
[1] "r456"
[1] "r174"
[1] "r176"
[1] "r178"
[1] "r464"
[1] "r180"
[1] "r442"
[1] "r466"
[1] "r182"
[1] "r184"
[1] "r458"
[1] "r186"
[1] "r188"
[1] "r444"
[1] "r190"
[1] "r466"
[1] "r192"
[1] "r194"
[1] "r468"
[1] "r196"
[1] "r198"
[1] "r460"
[1] "r200"
[1] "r202"
[1] "r446"
[1] "r204"
[1] "r468"
[1] "r206"
[1] "r208"
[1] "r210"
[1] "r470"
[1] "r212"
[1] "r462"
[1] "r214"
[1] "r448"
[1] "r216"
[1] "r470"
[1] "r218"
[1] "r220"
[1] "r222"
[1] "r224"
[1] "r450"
[1] "r472"
[1] "r226"
[1] "r464"
[1] "r472"
[1] "r228"
[1] "r230"
[1] "r232"
[1] "r234"
[1] "r452"
[1] "r236"
[1] "r466"
[1] "r474"
[1] "r238"
[1] "r240"
[1] "r474"
[1] "r242"
[1] "r244"
[1] "r246"
[1] "r476"
[1] "r454"
[1] "r248"
[1] "r468"
[1] "r250"
[1] "r252"
[1] "r476"
[1] "r254"
[1] "r256"
[1] "r258"
[1] "r456"
[1] "r260"
[1] "r478"
[1] "r262"
[1] "r470"
[1] "r264"
[1] "r266"
[1] "r478"
[1] "r268"
[1] "r270"
[1] "r458"
[1] "r272"
[1] "r274"
[1] "r276"
[1] "r472"
[1] "r480"
[1] "r278"
[1] "r480"
[1] "r280"
[1] "r460"
[1] "r282"
[1] "r284"
[1] "r286"
[1] "r288"
[1] "r290"
[1] "r474"
[1] "r482"
[1] "r292"
[1] "r482"
[1] "r462"
[1] "r294"
[1] "r296"
[1] "r298"
[1] "r300"
[1] "r484"
[1] "r302"
[1] "r476"
[1] "r464"
[1] "r304"
[1] "r484"
[1] "r306"
[1] "r308"
[1] "r310"
[1] "r312"
[1] "r478"
[1] "r486"
[1] "r314"
[1] "r316"
[1] "r466"
[1] "r318"
[1] "r486"
[1] "r320"
[1] "r322"
[1] "r324"
[1] "r326"
[1] "r480"
[1] "r488"
[1] "r468"
[1] "r328"
[1] "r330"
[1] "r332"
[1] "r488"
[1] "r334"
[1] "r336"
[1] "r338"
[1] "r482"
[1] "r340"
[1] "r470"
[1] "r490"
[1] "r342"
[1] "r344"
[1] "r346"
[1] "r490"
[1] "r348"
[1] "r350"
[1] "r484"
[1] "r352"
[1] "r472"
[1] "r354"
[1] "r492"
[1] "r356"
[1] "r358"
[1] "r360"
[1] "r492"
[1] "r362"
[1] "r364"
[1] "r486"
[1] "r474"
[1] "r366"
[1] "r494"
[1] "r368"
[1] "r370"
[1] "r372"
[1] "r374"
[1] "r494"
[1] "r376"
[1] "r488"
[1] "r476"
[1] "r378"
[1] "r496"
[1] "r380"
[1] "r382"
[1] "r384"
[1] "r386"
[1] "r388"
[1] "r490"
[1] "r478"
[1] "r390"
[1] "r496"
[1] "r392"
[1] "r498"
[1] "r394"
[1] "r396"
[1] "r398"
[1] "r400"
[1] "r480"
[1] "r402"
[1] "r492"
[1] "r404"
[1] "r406"
[1] "r498"
[1] "r500"
[1] "r408"
[1] "r410"
[1] "r412"
[1] "r482"
[1] "r414"
[1] "r416"
[1] "r494"
[1] "r418"
[1] "r420"
[1] "r500"
[1] "r422"
[1] "r484"
[1] "r424"
[1] "r2"
[1] "r426"
[1] "r496"
[1] "r428"
[1] "r430"
[1] "r4"
[1] "r432"
[1] "r434"
[1] "r6"
[1] "r486"
[1] "r436"
[1] "r8"
[1] "r2"
[1] "r438"
[1] "r10"
[1] "r440"
[1] "r498"
[1] "r4"
[1] "r12"
[1] "r442"
[1] "r14"
[1] "r444"
[1] "r446"
[1] "r16"
[1] "r6"
[1] "r448"
[1] "r18"
[1] "r488"
[1] "r450"
[1] "r8"
[1] "r20"
[1] "r452"
[1] "r22"
[1] "r454"
[1] "r500"
[1] "r10"
[1] "r24"
[1] "r456"
[1] "r26"
[1] "r458"
[1] "r12"
[1] "r28"
[1] "r460"
[1] "r30"
[1] "r462"
[1] "r490"
[1] "r14"
[1] "r32"
[1] "r464"
[1] "r34"
[1] "r466"
[1] "r16"
[1] "r36"
[1] "r468"
[1] "r38"
[1] "r470"
[1] "r2"
[1] "r18"
[1] "r40"
[1] "r472"
[1] "r492"
[1] "r42"
[1] "r474"
[1] "r20"
[1] "r4"
[1] "r476"
[1] "r44"
[1] "r478"
[1] "r46"
[1] "r22"
[1] "r480"
[1] "r48"
[1] "r482"
[1] "r6"
[1] "r50"
[1] "r484"
[1] "r8"
[1] "r494"
[1] "r24"
[1] "r52"
[1] "r486"
[1] "r10"
[1] "r12"
[1] "r54"
[1] "r488"
[1] "r26"
[1] "r14"
[1] "r490"
[1] "r56"
[1] "r28"
[1] "r16"
[1] "r492"
[1] "r58"
[1] "r30"
[1] "r18"
[1] "r494"
[1] "r32"
[1] "r60"
[1] "r496"
[1] "r20"
[1] "r34"
[1] "r496"
[1] "r62"
[1] "r22"
[1] "r36"
[1] "r498"
[1] "r24"
[1] "r38"
[1] "r64"
[1] "r500"
[1] "r26"
[1] "r40"
[1] "r66"
[1] "r28"
[1] "r68"
[1] "r42"
[1][1] "r30"
 "r70"
[1] "r44"
[1] "r72"
[1] "r46"
[1] "r498"
[1] "r32"
[1] "r34"
[1] "r48"
[1] "r74"
[1] "r36"
[1] "r50"
[1] "r76"
[1] "r38"
[1] "r52"
[1] "r78"
[1] "r40"
[1] "r54"
[1] "r80"
[1] "r56"
[1] "r42"
[1] "r82"
[1] "r500"
[1] "r44"
[1] "r58"
[1] "r84"
[1] "r60"
[1] "r46"
[1] "r86"
[1] "r62"
[1] "r48"
[1] "r88"
[1] "r64"
[1] "r50"
[1] "r90"
[1] "r66"
[1] "r52"
[1] "r92"
[1] "r68"
[1] "r54"
[1] "r94"
[1] "r70"
[1] "r56"
[1] "r96"
[1] "r2"
[1] "r72"
[1] "r58"
[1] "r98"
[1] "r4"
[1] "r74"
[1] "r60"
[1] "r6"
[1] "r100"
[1] "r76"
[1] "r62"
[1] "r8"
[1] "r102"
[1] "r78"
[1] "r64"
[1] "r10"
[1] "r104"
[1] "r80"
[1] "r12"
[1] "r66"
[1] "r106"
[1] "r82"
[1] "r14"
[1] "r68"
[1] "r108"
[1] "r84"
[1] "r16"
[1] "r70"
[1] "r110"
[1] "r86"
[1] "r18"
[1] "r72"
[1] "r20"
[1] "r88"
[1] "r112"
[1] "r74"
[1] "r22"
[1] "r90"
[1] "r114"
[1] "r24"
[1] "r76"
[1] "r92"
[1] "r116"
[1] "r26"
[1] "r78"
[1][1] "r28"
 "r94"
[1] "r118"
[1] "r80"
[1] "r30"
[1] "r96"
[1] "r120"
[1] "r82"
[1] "r32"
[1] "r98"
[1] "r122"
[1] "r84"
[1] "r34"
[1] "r100"
[1] "r124"
[1] "r36"
[1] "r86"
[1] "r102"
[1] "r38"
[1] "r126"
[1] "r88"
[1] "r104"
[1] "r40"
[1] "r128"
[1] "r90"
[1] "r106"
[1] "r42"
[1] "r92"
[1] "r130"
[1] "r108"
[1] "r44"
[1] "r132"
[1] "r94"
[1] "r46"
[1] "r110"
[1] "r134"
[1] "r96"
[1] "r48"
[1] "r112"
[1] "r136"
[1] "r114"
[1] "r98"
[1] "r50"
[1] "r138"
[1] "r116"
[1] "r100"
[1] "r52"
[1] "r140"
[1] "r102"
[1] "r118"
[1] "r54"
[1] "r142"
[1] "r104"
[1] "r120"
[1] "r56"
[1] "r144"
[1] "r106"
[1] "r58"
[1] "r122"
[1] "r146"
[1] "r60"
[1] "r108"
[1] "r124"
[1] "r148"
[1] "r62"
[1] "r110"
[1] "r126"
[1] "r150"
[1] "r64"
[1] "r112"
[1] "r128"
[1] "r152"
[1] "r66"
[1] "r114"
[1] "r130"
[1] "r68"
[1] "r154"
[1] "r116"
[1] "r132"
[1] "r70"
[1] "r156"
[1] "r118"
[1] "r134"
[1] "r72"
[1] "r158"
[1] "r120"
[1] "r74"
[1] "r136"
[1] "r160"
[1] "r122"
[1] "r76"
[1] "r138"
[1] "r78"
[1] "r162"
[1] "r124"
[1] "r140"
[1] "r80"
[1] "r164"
[1] "r126"
[1] "r82"
[1] "r142"
[1] "r128"
[1] "r166"
[1] "r84"
[1] "r144"
[1] "r130"
[1] "r168"
[1] "r86"
[1] "r146"
[1] "r88"
[1] "r170"
[1] "r132"
[1] "r148"
[1] "r90"
[1] "r134"
[1] "r172"
[1] "r150"
[1] "r92"
[1] "r136"
[1] "r174"
[1] "r94"
[1] "r152"
[1] "r138"
[1] "r176"
[1] "r96"
[1] "r154"
[1] "r140"
[1] "r178"
[1] "r98"
[1] "r142"
[1] "r156"
[1] "r100"
[1] "r180"
[1] "r144"
[1] "r102"
[1] "r158"
[1] "r182"
[1] "r104"
[1] "r146"
[1] "r160"
[1] "r184"
[1] "r106"
[1] "r148"
[1] "r162"
[1] "r186"
[1] "r108"
[1] "r150"
[1] "r164"
[1] "r188"
[1] "r110"
[1] "r152"
[1] "r166"
[1] "r112"
[1] "r190"
[1] "r154"
[1] "r168"
[1] "r114"
[1] "r192"
[1] "r156"
[1] "r170"
[1] "r194"
[1] "r116"
[1] "r158"
[1] "r172"
[1] "r196"
[1] "r118"
[1] "r174"
[1] "r160"
[1] "r198"
[1] "r120"
[1] "r176"
[1] "r162"
[1] "r200"
[1] "r122"
[1] "r178"
[1] "r164"
[1] "r202"
[1] "r124"
[1] "r180"
[1] "r166"
[1] "r204"
[1] "r182"
[1] "r126"
[1] "r168"
[1] "r206"
[1] "r128"
[1] "r184"
[1] "r170"
[1] "r130"
[1] "r208"
[1] "r186"
[1] "r172"
[1] "r132"
[1] "r210"
[1] "r174"
[1] "r188"
[1] "r134"
[1] "r212"
[1] "r190"
[1] "r136"
[1] "r176"
[1] "r214"
[1] "r138"
[1] "r178"
[1] "r192"
[1] "r216"
[1] "r140"
[1] "r180"
[1] "r194"
[1] "r218"
[1] "r142"
[1] "r182"
[1] "r196"
[1] "r144"
[1] "r220"
[1] "r184"
[1] "r198"
[1] "r146"
[1] "r222"
[1] "r186"
[1] "r200"
[1] "r148"
[1] "r188"
[1] "r224"
[1] "r202"
[1] "r150"
[1] "r190"
[1] "r226"
[1] "r204"
[1] "r152"
[1] "r192"
[1] "r228"
[1] "r154"
[1] "r206"
[1] "r194"
[1] "r230"
[1] "r156"
[1] "r208"
[1] "r196"
[1] "r232"
[1] "r158"
[1] "r198"
[1] "r210"
[1] "r234"
[1] "r160"
[1] "r200"
[1] "r212"
[1] "r236"
[1] "r162"
[1] "r202"
[1] "r214"
[1] "r164"
[1] "r238"
[1] "r204"
[1] "r216"
[1] "r166"
[1] "r240"
[1] "r206"
[1] "r168"
[1] "r218"
[1] "r242"
[1] "r208"
[1] "r170"
[1] "r220"
[1] "r210"
[1] "r244"
[1] "r172"
[1] "r222"
[1] "r212"
[1] "r174"
[1] "r246"
[1] "r224"
[1] "r214"
[1] "r176"
[1] "r248"
[1] "r226"
[1] "r216"
[1] "r178"
[1] "r250"
[1] "r228"
[1] "r218"
[1] "r180"
[1] "r230"
[1] "r252"
[1] "r182"
[1] "r220"
[1] "r232"
[1] "r254"
[1] "r184"
[1] "r222"
[1] "r234"
[1] "r186"
[1] "r256"
[1] "r236"
[1] "r224"
[1] "r188"
[1] "r258"
[1] "r238"
[1] "r226"
[1] "r190"
[1] "r260"
[1] "r240"
[1] "r228"
[1] "r262"
[1] "r192"
[1] "r242"
[1] "r230"
[1] "r264"
[1] "r194"
[1] "r244"
[1] "r266"
[1] "r232"
[1] "r196"
[1] "r268"
[1] "r246"
[1] "r234"
[1] "r198"
[1] "r270"
[1] "r236"
[1] "r248"
[1] "r200"
[1] "r272"
[1] "r238"
[1] "r250"
[1] "r202"
[1] "r274"
[1] "r240"
[1] "r204"
[1] "r252"
[1] "r242"
[1] "r276"
[1] "r206"
[1] "r254"
[1] "r244"
[1] "r278"
[1] "r208"
[1] "r256"
[1] "r246"
[1] "r280"
[1] "r210"
[1] "r258"
[1] "r248"
[1] "r212"
[1] "r282"
[1] "r260"
[1] "r250"
[1] "r214"
[1] "r284"
[1] "r252"
[1] "r262"
[1] "r216"
[1] "r286"
[1] "r254"
[1] "r264"
[1] "r218"
[1] "r288"
[1] "r256"
[1] "r266"
[1] "r220"
[1] "r290"
[1] "r258"
[1] "r222"
[1] "r268"
[1] "r292"
[1] "r260"
[1] "r224"
[1] "r270"
[1] "r294"
[1] "r262"
[1] "r226"
[1] "r272"
[1] "r296"
[1] "r264"
[1] "r228"
[1] "r274"
[1] "r298"
[1] "r266"
[1] "r230"
[1] "r276"
[1] "r268"
[1] "r300"
[1] "r232"
[1] "r270"
[1] "r302"
[1] "r278"
[1] "r234"
[1] "r272"
[1] "r304"
[1] "r236"
[1] "r280"
[1] "r274"
[1] "r238"
[1] "r306"
[1] "r282"
[1] "r284"
[1] "r276"
[1] "r240"
[1] "r308"
[1] "r286"
[1] "r278"
[1] "r242"
[1] "r310"
[1] "r288"
[1] "r280"
[1] "r244"
[1] "r312"
[1] "r290"
[1] "r282"
[1] "r246"
[1] "r314"
[1] "r292"
[1] "r284"
[1] "r316"
[1] "r248"
[1] "r294"
[1] "r286"
[1] "r250"
[1] "r296"
[1] "r318"
[1] "r252"
[1] "r288"
[1] "r320"
[1] "r298"
[1] "r254"
[1] "r322"
[1] "r290"
[1] "r300"
[1] "r256"
[1] "r324"
[1] "r292"
[1] "r302"
[1] "r258"
[1] "r326"
[1] "r294"
[1] "r304"
[1] "r260"
[1] "r328"
[1] "r296"
[1] "r262"
[1] "r306"
[1] "r330"
[1] "r264"
[1] "r298"
[1] "r308"
[1] "r332"
[1] "r266"
[1] "r300"
[1] "r310"
[1] "r334"
[1] "r268"
[1] "r302"
[1] "r312"
[1] "r336"
[1] "r304"
[1] "r270"
[1] "r314"
[1] "r338"
[1] "r306"
[1] "r272"
[1] "r340"
[1] "r316"
[1] "r308"
[1] "r274"
[1] "r342"
[1] "r318"
[1] "r276"
[1] "r310"
[1] "r344"
[1] "r312"
[1] "r278"
[1] "r320"
[1] "r346"
[1] "r314"
[1] "r280"
[1] "r322"
[1] "r348"
[1] "r316"
[1] "r282"
[1] "r324"
[1] "r350"
[1] "r318"
[1] "r284"
[1] "r326"
[1] "r352"
[1] "r320"
[1] "r286"
[1] "r354"
[1] "r328"
[1] "r322"
[1] "r288"
[1] "r356"
[1] "r330"
[1] "r324"
[1] "r290"
[1] "r358"
[1] "r332"
[1] "r326"
[1] "r292"
[1] "r360"
[1] "r328"
[1] "r334"
[1] "r294"
[1] "r362"
[1] "r330"
[1] "r336"
[1] "r296"
[1] "r364"
[1] "r332"
[1] "r298"
[1] "r338"
[1] "r366"
[1] "r340"
[1] "r334"
[1] "r300"
[1] "r368"
[1] "r342"
[1] "r336"
[1] "r302"
[1] "r344"
[1] "r370"
[1] "r338"
[1] "r304"
[1] "r346"
[1] "r372"
[1] "r340"
[1] "r306"
[1] "r348"
[1] "r374"
[1] "r342"
[1] "r350"
[1] "r308"
[1] "r376"
[1] "r344"
[1] "r352"
[1] "r310"
[1] "r378"
[1] "r346"
[1] "r354"
[1] "r312"
[1] "r380"
[1] "r348"
[1] "r356"
[1] "r314"
[1] "r382"
[1] "r350"
[1] "r316"
[1] "r358"
[1] "r384"
[1] "r352"
[1] "r318"
[1] "r360"
[1] "r386"
[1] "r320"
[1] "r354"
[1] "r362"
[1] "r388"
[1] "r322"
[1] "r364"
[1] "r356"
[1] "r390"
[1] "r324"
[1] "r358"
[1] "r366"
[1] "r392"
[1] "r326"
[1] "r360"
[1] "r368"
[1] "r394"
[1] "r328"
[1] "r362"
[1][1] "r396"
 "r370"
[1] "r330"
[1] "r364"
[1] "r398"
[1] "r372"
[1] "r332"
[1] "r400"
[1] "r366"
[1] "r374"
[1] "r334"
[1] "r368"
[1] "r402"
[1] "r336"
[1] "r376"
[1] "r370"
[1] "r404"
[1] "r338"
[1] "r378"
[1] "r372"
[1] "r406"
[1] "r340"
[1] "r374"
[1] "r380"
[1] "r408"
[1] "r342"
[1] "r376"
[1] "r382"
[1] "r410"
[1] "r344"
[1] "r378"
[1] "r384"
[1] "r412"
[1] "r346"
[1] "r380"
[1] "r414"
[1] "r386"
[1] "r382"
[1] "r348"
[1] "r416"
[1] "r388"
[1] "r384"
[1] "r350"
[1] "r418"
[1] "r390"
[1] "r386"
[1] "r352"
[1] "r420"
[1] "r392"
[1] "r388"
[1] "r354"
[1] "r422"
[1] "r390"
[1] "r356"
[1] "r394"
[1] "r424"
[1] "r392"
[1] "r396"
[1] "r358"
[1] "r394"
[1] "r398"
[1] "r426"
[1] "r360"
[1] "r400"
[1] "r396"
[1] "r428"
[1] "r362"
[1] "r402"
[1] "r430"
[1] "r398"
[1] "r364"
[1] "r404"
[1] "r432"
[1] "r400"
[1] "r366"
[1] "r406"
[1] "r434"
[1] "r402"
[1] "r368"
[1] "r408"
[1] "r404"
[1] "r436"
[1] "r370"
[1] "r410"
[1] "r406"
[1] "r438"
[1] "r372"
[1] "r412"
[1] "r440"
[1] "r408"
[1] "r414"
[1] "r374"
[1] "r442"
[1] "r410"
[1] "r376"
[1] "r416"
[1] "r444"
[1] "r378"
[1] "r412"
[1] "r418"
[1] "r380"
[1] "r414"
[1] "r446"
[1] "r420"
[1] "r382"
[1] "r448"
[1] "r416"
[1] "r422"
[1] "r450"
[1] "r384"
[1] "r418"
[1] "r424"
[1] "r452"
[1] "r386"
[1] "r420"
[1] "r454"
[1] "r426"
[1] "r388"
[1] "r456"
[1] "r422"
[1] "r428"
[1] "r390"
[1] "r458"
[1] "r424"
[1] "r392"
[1] "r430"
[1] "r460"
[1] "r426"
[1] "r394"
[1] "r432"
[1] "r462"
[1] "r428"
[1] "r396"
[1] "r464"
[1] "r434"
[1] "r430"
[1] "r398"
[1] "r466"
[1] "r436"
[1] "r400"
[1] "r432"
[1] "r468"
[1] "r438"
[1] "r402"
[1] "r434"
[1] "r470"
[1] "r440"
[1] "r436"
[1] "r404"
[1] "r472"
[1] "r438"
[1] "r442"
[1] "r406"
[1] "r474"
[1] "r440"
[1] "r408"
[1] "r444"
[1] "r476"
[1] "r442"
[1] "r410"
[1] "r478"
[1] "r446"
[1] "r444"
[1] "r412"
[1] "r480"
[1] "r448"
[1] "r446"
[1] "r414"
[1] "r482"
[1] "r450"
[1] "r448"
[1] "r484"
[1] "r416"
[1] "r450"
[1] "r452"
[1] "r418"
[1] "r486"
[1] "r454"
[1] "r452"
[1] "r420"
[1] "r488"
[1] "r456"
[1] "r454"
[1] "r422"
[1] "r458"
[1] "r490"
[1] "r456"
[1] "r460"
[1] "r424"
[1] "r492"
[1] "r458"
[1] "r462"
[1] "r426"
[1] "r460"
[1] "r494"
[1] "r464"
[1] "r428"
[1] "r462"
[1] "r496"
[1] "r466"
[1] "r430"
[1] "r464"
[1] "r498"
[1] "r468"
[1] "r432"
[1] "r466"
[1] "r500"
[1] "r470"
[1] "r434"
[1] "r468"
[1] "r472"
[1] "r436"
[1] "r470"
[1] "r474"
[1] "r438"
[1] "r472"
[1] "r476"
[1] "r440"
[1] "r474"
[1] "r478"
[1] "r442"
[1] "r476"
[1] "r444"
[1] "r480"
[1] "r478"
[1] "r446"
[1] "r482"
[1] "r480"
[1] "r448"
[1] "r484"
[1] "r482"
[1] "r450"
[1] "r486"
[1] "r452"
[1] "r484"
[1] "r488"
[1] "r454"
[1] "r486"
[1] "r490"
[1] "r456"
[1] "r488"
[1] "r458"
[1] "r492"
[1] "r490"
[1] "r460"
[1][1] "r494"
 "r492"
[1] "r462"
[1] "r494"
[1] "r496"
[1] "r464"
[1] "r496"
[1] "r498"
[1] "r466"
[1] "r498"
[1] "r500"
[1] "r468"
[1] "r500"
[1] "r470"
[1] "r472"
[1] "r474"
[1] "r476"
[1] "r478"
[1] "r480"
[1] "r482"
[1] "r484"
[1] "r486"
[1] "r488"
[1] "r490"
[1] "r492"
[1] "r494"
[1] "r496"
[1] "r498"
[1] "r500"
Error: 
Execution halted
Error: 
Execution halted
Error: 
Execution halted
Error: 
Execution halted
Error: 
Execution halted
